<?xml version="1.0" encoding="UTF-8"?>
<!-- Generated by org.testng.reporters.JUnitReportReporter -->
<testsuite hostname="IVL-LP80" failures="0" tests="1" name="hooks.hooks" time="0.169" errors="0" timestamp="25 Mar 2021 05:42:32 GMT" skipped="0">
  <testcase classname="hooks.hooks" name="exceldata" time="0.169"/>
</testsuite> <!-- hooks.hooks -->
